2023-07-22 06:56:43.664000
202
['dsafsdf', '101.0', '102.0', '103.0', '104.0', '105.0', '106.0', '107.0', '108.0', '109.0', '110.0', '111.0', '112.0', '113.0', '114.0', '115.0', '116.0', '117.0', '118.0', '119.0', '120.0']
2023-07-22 06:56:43.667000
202
['dsafsdf', '101.0', '102.0', '103.0', '104.0', '105.0', '106.0', '107.0', '108.0', '109.0', '110.0', '111.0', '112.0', '113.0', '114.0', '115.0', '116.0', '117.0', '118.0', '119.0', '120.0']
2023-07-22 06:56:43.668000
202
['dsafsdf', '101.0', '102.0', '103.0', '104.0', '105.0', '106.0', '107.0', '108.0', '109.0', '110.0', '111.0', '112.0', '113.0', '114.0', '115.0', '116.0', '117.0', '118.0', '119.0', '120.0']
2023-07-22 06:56:43.669000
202
['dsafsdf', '101.0', '102.0', '103.0', '104.0', '105.0', '106.0', '107.0', '108.0', '109.0', '110.0', '111.0', '112.0', '113.0', '114.0', '115.0', '116.0', '117.0', '118.0', '119.0', '120.0']
2023-07-22 06:56:43.669000
202
['dsafsdf', '101.0', '102.0', '103.0', '104.0', '105.0', '106.0', '107.0', '108.0', '109.0', '110.0', '111.0', '112.0', '113.0', '114.0', '115.0', '116.0', '117.0', '118.0', '119.0', '120.0']
2023-07-22 06:56:43.670000
202
['dsafsdf', '101.0', '102.0', '103.0', '104.0', '105.0', '106.0', '107.0', '108.0', '109.0', '110.0', '111.0', '112.0', '113.0', '114.0', '115.0', '116.0', '117.0', '118.0', '119.0', '120.0']
2023-07-22 06:56:43.670000
202
['dsafsdf', '101.0', '102.0', '103.0', '104.0', '105.0', '106.0', '107.0', '108.0', '109.0', '110.0', '111.0', '112.0', '113.0', '114.0', '115.0', '116.0', '117.0', '118.0', '119.0', '120.0']
2023-07-22 06:56:43.671000
202
['dsafsdf', '101.0', '102.0', '103.0', '104.0', '105.0', '106.0', '107.0', '108.0', '109.0', '110.0', '111.0', '112.0', '113.0', '114.0', '115.0', '116.0', '117.0', '118.0', '119.0', '120.0']
2023-07-22 06:56:43.672000
202
['dsafsdf', '101.0', '102.0', '103.0', '104.0', '105.0', '106.0', '107.0', '108.0', '109.0', '110.0', '111.0', '112.0', '113.0', '114.0', '115.0', '116.0', '117.0', '118.0', '119.0', '120.0']
2023-07-22 06:56:43.672000
202
['dsafsdf', '101.0', '102.0', '103.0', '104.0', '105.0', '106.0', '107.0', '108.0', '109.0', '110.0', '111.0', '112.0', '113.0', '114.0', '115.0', '116.0', '117.0', '118.0', '119.0', '120.0']
2023-07-22 06:56:43.673000
202
['dsafsdf', '101.0', '102.0', '103.0', '104.0', '105.0', '106.0', '107.0', '108.0', '109.0', '110.0', '111.0', '112.0', '113.0', '114.0', '115.0', '116.0', '117.0', '118.0', '119.0', '120.0']
2023-07-22 06:56:43.673000
202
['dsafsdf', '101.0', '102.0', '103.0', '104.0', '105.0', '106.0', '107.0', '108.0', '109.0', '110.0', '111.0', '112.0', '113.0', '114.0', '115.0', '116.0', '117.0', '118.0', '119.0', '120.0']
2023-07-22 06:56:43.674000
202
['dsafsdf', '101.0', '102.0', '103.0', '104.0', '105.0', '106.0', '107.0', '108.0', '109.0', '110.0', '111.0', '112.0', '113.0', '114.0', '115.0', '116.0', '117.0', '118.0', '119.0', '120.0']
2023-07-22 06:56:43.675000
202
['dsafsdf', '101.0', '102.0', '103.0', '104.0', '105.0', '106.0', '107.0', '108.0', '109.0', '110.0', '111.0', '112.0', '113.0', '114.0', '115.0', '116.0', '117.0', '118.0', '119.0', '120.0']
2023-07-22 06:56:43.675000
202
['dsafsdf', '101.0', '102.0', '103.0', '104.0', '105.0', '106.0', '107.0', '108.0', '109.0', '110.0', '111.0', '112.0', '113.0', '114.0', '115.0', '116.0', '117.0', '118.0', '119.0', '120.0']
2023-07-22 06:56:43.676000
202
['dsafsdf', '101.0', '102.0', '103.0', '104.0', '105.0', '106.0', '107.0', '108.0', '109.0', '110.0', '111.0', '112.0', '113.0', '114.0', '115.0', '116.0', '117.0', '118.0', '119.0', '120.0']
2023-07-22 06:56:43.677000
202
['dsafsdf', '101.0', '102.0', '103.0', '104.0', '105.0', '106.0', '107.0', '108.0', '109.0', '110.0', '111.0', '112.0', '113.0', '114.0', '115.0', '116.0', '117.0', '118.0', '119.0', '120.0']
2023-07-22 06:56:43.677000
202
['dsafsdf', '101.0', '102.0', '103.0', '104.0', '105.0', '106.0', '107.0', '108.0', '109.0', '110.0', '111.0', '112.0', '113.0', '114.0', '115.0', '116.0', '117.0', '118.0', '119.0', '120.0']
2023-07-22 06:56:43.678000
202
['dsafsdf', '101.0', '102.0', '103.0', '104.0', '105.0', '106.0', '107.0', '108.0', '109.0', '110.0', '111.0', '112.0', '113.0', '114.0', '115.0', '116.0', '117.0', '118.0', '119.0', '120.0']
2023-07-22 06:56:43.679000
202
['dsafsdf', '101.0', '102.0', '103.0', '104.0', '105.0', '106.0', '107.0', '108.0', '109.0', '110.0', '111.0', '112.0', '113.0', '114.0', '115.0', '116.0', '117.0', '118.0', '119.0', '120.0']
2023-07-22 06:56:59.817000
202
['dsafsdf', '101.0', '102.0', '103.0', '104.0', '105.0', '106.0', '107.0', '108.0', '109.0', '110.0', '111.0', '112.0', '113.0', '114.0', '115.0', '116.0', '117.0', '118.0', '119.0', '120.0']
2023-07-22 06:56:59.820000
202
['dsafsdf', '101.0', '102.0', '103.0', '104.0', '105.0', '106.0', '107.0', '108.0', '109.0', '110.0', '111.0', '112.0', '113.0', '114.0', '115.0', '116.0', '117.0', '118.0', '119.0', '120.0']
2023-07-22 06:56:59.820000
202
['dsafsdf', '101.0', '102.0', '103.0', '104.0', '105.0', '106.0', '107.0', '108.0', '109.0', '110.0', '111.0', '112.0', '113.0', '114.0', '115.0', '116.0', '117.0', '118.0', '119.0', '120.0']
2023-07-22 06:56:59.821000
202
['dsafsdf', '101.0', '102.0', '103.0', '104.0', '105.0', '106.0', '107.0', '108.0', '109.0', '110.0', '111.0', '112.0', '113.0', '114.0', '115.0', '116.0', '117.0', '118.0', '119.0', '120.0']
2023-07-22 06:56:59.821000
202
['dsafsdf', '101.0', '102.0', '103.0', '104.0', '105.0', '106.0', '107.0', '108.0', '109.0', '110.0', '111.0', '112.0', '113.0', '114.0', '115.0', '116.0', '117.0', '118.0', '119.0', '120.0']
2023-07-22 06:56:59.822000
202
['dsafsdf', '101.0', '102.0', '103.0', '104.0', '105.0', '106.0', '107.0', '108.0', '109.0', '110.0', '111.0', '112.0', '113.0', '114.0', '115.0', '116.0', '117.0', '118.0', '119.0', '120.0']
2023-07-22 06:56:59.822000
202
['dsafsdf', '101.0', '102.0', '103.0', '104.0', '105.0', '106.0', '107.0', '108.0', '109.0', '110.0', '111.0', '112.0', '113.0', '114.0', '115.0', '116.0', '117.0', '118.0', '119.0', '120.0']
2023-07-22 06:56:59.823000
202
['dsafsdf', '101.0', '102.0', '103.0', '104.0', '105.0', '106.0', '107.0', '108.0', '109.0', '110.0', '111.0', '112.0', '113.0', '114.0', '115.0', '116.0', '117.0', '118.0', '119.0', '120.0']
2023-07-22 06:56:59.824000
202
['dsafsdf', '101.0', '102.0', '103.0', '104.0', '105.0', '106.0', '107.0', '108.0', '109.0', '110.0', '111.0', '112.0', '113.0', '114.0', '115.0', '116.0', '117.0', '118.0', '119.0', '120.0']
2023-07-22 06:56:59.824000
202
['dsafsdf', '101.0', '102.0', '103.0', '104.0', '105.0', '106.0', '107.0', '108.0', '109.0', '110.0', '111.0', '112.0', '113.0', '114.0', '115.0', '116.0', '117.0', '118.0', '119.0', '120.0']
2023-07-22 06:56:59.825000
202
['dsafsdf', '101.0', '102.0', '103.0', '104.0', '105.0', '106.0', '107.0', '108.0', '109.0', '110.0', '111.0', '112.0', '113.0', '114.0', '115.0', '116.0', '117.0', '118.0', '119.0', '120.0']
2023-07-22 06:56:59.826000
202
['dsafsdf', '101.0', '102.0', '103.0', '104.0', '105.0', '106.0', '107.0', '108.0', '109.0', '110.0', '111.0', '112.0', '113.0', '114.0', '115.0', '116.0', '117.0', '118.0', '119.0', '120.0']
2023-07-22 06:56:59.826000
202
['dsafsdf', '101.0', '102.0', '103.0', '104.0', '105.0', '106.0', '107.0', '108.0', '109.0', '110.0', '111.0', '112.0', '113.0', '114.0', '115.0', '116.0', '117.0', '118.0', '119.0', '120.0']
2023-07-22 06:56:59.827000
202
['dsafsdf', '101.0', '102.0', '103.0', '104.0', '105.0', '106.0', '107.0', '108.0', '109.0', '110.0', '111.0', '112.0', '113.0', '114.0', '115.0', '116.0', '117.0', '118.0', '119.0', '120.0']
2023-07-22 06:56:59.828000
202
['dsafsdf', '101.0', '102.0', '103.0', '104.0', '105.0', '106.0', '107.0', '108.0', '109.0', '110.0', '111.0', '112.0', '113.0', '114.0', '115.0', '116.0', '117.0', '118.0', '119.0', '120.0']
2023-07-22 06:56:59.828000
202
['dsafsdf', '101.0', '102.0', '103.0', '104.0', '105.0', '106.0', '107.0', '108.0', '109.0', '110.0', '111.0', '112.0', '113.0', '114.0', '115.0', '116.0', '117.0', '118.0', '119.0', '120.0']
2023-07-22 06:56:59.829000
202
['dsafsdf', '101.0', '102.0', '103.0', '104.0', '105.0', '106.0', '107.0', '108.0', '109.0', '110.0', '111.0', '112.0', '113.0', '114.0', '115.0', '116.0', '117.0', '118.0', '119.0', '120.0']
2023-07-22 06:56:59.830000
202
['dsafsdf', '101.0', '102.0', '103.0', '104.0', '105.0', '106.0', '107.0', '108.0', '109.0', '110.0', '111.0', '112.0', '113.0', '114.0', '115.0', '116.0', '117.0', '118.0', '119.0', '120.0']
2023-07-22 06:56:59.831000
202
['dsafsdf', '101.0', '102.0', '103.0', '104.0', '105.0', '106.0', '107.0', '108.0', '109.0', '110.0', '111.0', '112.0', '113.0', '114.0', '115.0', '116.0', '117.0', '118.0', '119.0', '120.0']
2023-07-22 06:56:59.832000
202
['dsafsdf', '101.0', '102.0', '103.0', '104.0', '105.0', '106.0', '107.0', '108.0', '109.0', '110.0', '111.0', '112.0', '113.0', '114.0', '115.0', '116.0', '117.0', '118.0', '119.0', '120.0']
2023-07-22 06:57:00.998000
202
['dsafsdf', '101.0', '102.0', '103.0', '104.0', '105.0', '106.0', '107.0', '108.0', '109.0', '110.0', '111.0', '112.0', '113.0', '114.0', '115.0', '116.0', '117.0', '118.0', '119.0', '120.0']
2023-07-22 06:57:00.999000
202
['dsafsdf', '101.0', '102.0', '103.0', '104.0', '105.0', '106.0', '107.0', '108.0', '109.0', '110.0', '111.0', '112.0', '113.0', '114.0', '115.0', '116.0', '117.0', '118.0', '119.0', '120.0']
2023-07-22 06:57:01
202
['dsafsdf', '101.0', '102.0', '103.0', '104.0', '105.0', '106.0', '107.0', '108.0', '109.0', '110.0', '111.0', '112.0', '113.0', '114.0', '115.0', '116.0', '117.0', '118.0', '119.0', '120.0']
2023-07-22 06:57:01.001000
202
['dsafsdf', '101.0', '102.0', '103.0', '104.0', '105.0', '106.0', '107.0', '108.0', '109.0', '110.0', '111.0', '112.0', '113.0', '114.0', '115.0', '116.0', '117.0', '118.0', '119.0', '120.0']
2023-07-22 06:57:01.002000
202
['dsafsdf', '101.0', '102.0', '103.0', '104.0', '105.0', '106.0', '107.0', '108.0', '109.0', '110.0', '111.0', '112.0', '113.0', '114.0', '115.0', '116.0', '117.0', '118.0', '119.0', '120.0']
2023-07-22 06:57:01.002000
202
['dsafsdf', '101.0', '102.0', '103.0', '104.0', '105.0', '106.0', '107.0', '108.0', '109.0', '110.0', '111.0', '112.0', '113.0', '114.0', '115.0', '116.0', '117.0', '118.0', '119.0', '120.0']
2023-07-22 06:57:01.003000
202
['dsafsdf', '101.0', '102.0', '103.0', '104.0', '105.0', '106.0', '107.0', '108.0', '109.0', '110.0', '111.0', '112.0', '113.0', '114.0', '115.0', '116.0', '117.0', '118.0', '119.0', '120.0']
2023-07-22 06:57:01.004000
202
['dsafsdf', '101.0', '102.0', '103.0', '104.0', '105.0', '106.0', '107.0', '108.0', '109.0', '110.0', '111.0', '112.0', '113.0', '114.0', '115.0', '116.0', '117.0', '118.0', '119.0', '120.0']
2023-07-22 06:57:01.005000
202
['dsafsdf', '101.0', '102.0', '103.0', '104.0', '105.0', '106.0', '107.0', '108.0', '109.0', '110.0', '111.0', '112.0', '113.0', '114.0', '115.0', '116.0', '117.0', '118.0', '119.0', '120.0']
2023-07-22 06:57:01.005000
202
['dsafsdf', '101.0', '102.0', '103.0', '104.0', '105.0', '106.0', '107.0', '108.0', '109.0', '110.0', '111.0', '112.0', '113.0', '114.0', '115.0', '116.0', '117.0', '118.0', '119.0', '120.0']
2023-07-22 06:57:01.006000
202
['dsafsdf', '101.0', '102.0', '103.0', '104.0', '105.0', '106.0', '107.0', '108.0', '109.0', '110.0', '111.0', '112.0', '113.0', '114.0', '115.0', '116.0', '117.0', '118.0', '119.0', '120.0']
2023-07-22 06:57:01.007000
202
['dsafsdf', '101.0', '102.0', '103.0', '104.0', '105.0', '106.0', '107.0', '108.0', '109.0', '110.0', '111.0', '112.0', '113.0', '114.0', '115.0', '116.0', '117.0', '118.0', '119.0', '120.0']
2023-07-22 06:57:01.008000
202
['dsafsdf', '101.0', '102.0', '103.0', '104.0', '105.0', '106.0', '107.0', '108.0', '109.0', '110.0', '111.0', '112.0', '113.0', '114.0', '115.0', '116.0', '117.0', '118.0', '119.0', '120.0']
2023-07-22 06:57:01.008000
202
['dsafsdf', '101.0', '102.0', '103.0', '104.0', '105.0', '106.0', '107.0', '108.0', '109.0', '110.0', '111.0', '112.0', '113.0', '114.0', '115.0', '116.0', '117.0', '118.0', '119.0', '120.0']
2023-07-22 06:57:01.009000
202
['dsafsdf', '101.0', '102.0', '103.0', '104.0', '105.0', '106.0', '107.0', '108.0', '109.0', '110.0', '111.0', '112.0', '113.0', '114.0', '115.0', '116.0', '117.0', '118.0', '119.0', '120.0']
2023-07-22 06:57:01.010000
202
['dsafsdf', '101.0', '102.0', '103.0', '104.0', '105.0', '106.0', '107.0', '108.0', '109.0', '110.0', '111.0', '112.0', '113.0', '114.0', '115.0', '116.0', '117.0', '118.0', '119.0', '120.0']
2023-07-22 06:57:01.011000
202
['dsafsdf', '101.0', '102.0', '103.0', '104.0', '105.0', '106.0', '107.0', '108.0', '109.0', '110.0', '111.0', '112.0', '113.0', '114.0', '115.0', '116.0', '117.0', '118.0', '119.0', '120.0']
2023-07-22 06:57:01.015000
202
['dsafsdf', '101.0', '102.0', '103.0', '104.0', '105.0', '106.0', '107.0', '108.0', '109.0', '110.0', '111.0', '112.0', '113.0', '114.0', '115.0', '116.0', '117.0', '118.0', '119.0', '120.0']
2023-07-22 06:57:01.016000
202
['dsafsdf', '101.0', '102.0', '103.0', '104.0', '105.0', '106.0', '107.0', '108.0', '109.0', '110.0', '111.0', '112.0', '113.0', '114.0', '115.0', '116.0', '117.0', '118.0', '119.0', '120.0']
2023-07-22 06:57:01.016000
202
['dsafsdf', '101.0', '102.0', '103.0', '104.0', '105.0', '106.0', '107.0', '108.0', '109.0', '110.0', '111.0', '112.0', '113.0', '114.0', '115.0', '116.0', '117.0', '118.0', '119.0', '120.0']
2023-07-22 06:57:01.775000
202
['dsafsdf', '101.0', '102.0', '103.0', '104.0', '105.0', '106.0', '107.0', '108.0', '109.0', '110.0', '111.0', '112.0', '113.0', '114.0', '115.0', '116.0', '117.0', '118.0', '119.0', '120.0']
2023-07-22 06:57:01.776000
202
['dsafsdf', '101.0', '102.0', '103.0', '104.0', '105.0', '106.0', '107.0', '108.0', '109.0', '110.0', '111.0', '112.0', '113.0', '114.0', '115.0', '116.0', '117.0', '118.0', '119.0', '120.0']
2023-07-22 06:57:01.777000
202
['dsafsdf', '101.0', '102.0', '103.0', '104.0', '105.0', '106.0', '107.0', '108.0', '109.0', '110.0', '111.0', '112.0', '113.0', '114.0', '115.0', '116.0', '117.0', '118.0', '119.0', '120.0']
2023-07-22 06:57:01.778000
202
['dsafsdf', '101.0', '102.0', '103.0', '104.0', '105.0', '106.0', '107.0', '108.0', '109.0', '110.0', '111.0', '112.0', '113.0', '114.0', '115.0', '116.0', '117.0', '118.0', '119.0', '120.0']
2023-07-22 06:57:01.779000
202
['dsafsdf', '101.0', '102.0', '103.0', '104.0', '105.0', '106.0', '107.0', '108.0', '109.0', '110.0', '111.0', '112.0', '113.0', '114.0', '115.0', '116.0', '117.0', '118.0', '119.0', '120.0']
2023-07-22 06:57:01.780000
202
['dsafsdf', '101.0', '102.0', '103.0', '104.0', '105.0', '106.0', '107.0', '108.0', '109.0', '110.0', '111.0', '112.0', '113.0', '114.0', '115.0', '116.0', '117.0', '118.0', '119.0', '120.0']
2023-07-22 06:57:01.781000
202
['dsafsdf', '101.0', '102.0', '103.0', '104.0', '105.0', '106.0', '107.0', '108.0', '109.0', '110.0', '111.0', '112.0', '113.0', '114.0', '115.0', '116.0', '117.0', '118.0', '119.0', '120.0']
2023-07-22 06:57:01.781000
202
['dsafsdf', '101.0', '102.0', '103.0', '104.0', '105.0', '106.0', '107.0', '108.0', '109.0', '110.0', '111.0', '112.0', '113.0', '114.0', '115.0', '116.0', '117.0', '118.0', '119.0', '120.0']
2023-07-22 06:57:01.782000
202
['dsafsdf', '101.0', '102.0', '103.0', '104.0', '105.0', '106.0', '107.0', '108.0', '109.0', '110.0', '111.0', '112.0', '113.0', '114.0', '115.0', '116.0', '117.0', '118.0', '119.0', '120.0']
2023-07-22 06:57:01.782000
202
['dsafsdf', '101.0', '102.0', '103.0', '104.0', '105.0', '106.0', '107.0', '108.0', '109.0', '110.0', '111.0', '112.0', '113.0', '114.0', '115.0', '116.0', '117.0', '118.0', '119.0', '120.0']
2023-07-22 06:57:01.783000
202
['dsafsdf', '101.0', '102.0', '103.0', '104.0', '105.0', '106.0', '107.0', '108.0', '109.0', '110.0', '111.0', '112.0', '113.0', '114.0', '115.0', '116.0', '117.0', '118.0', '119.0', '120.0']
2023-07-22 06:57:01.784000
202
['dsafsdf', '101.0', '102.0', '103.0', '104.0', '105.0', '106.0', '107.0', '108.0', '109.0', '110.0', '111.0', '112.0', '113.0', '114.0', '115.0', '116.0', '117.0', '118.0', '119.0', '120.0']
2023-07-22 06:57:01.784000
202
['dsafsdf', '101.0', '102.0', '103.0', '104.0', '105.0', '106.0', '107.0', '108.0', '109.0', '110.0', '111.0', '112.0', '113.0', '114.0', '115.0', '116.0', '117.0', '118.0', '119.0', '120.0']
2023-07-22 06:57:01.785000
202
['dsafsdf', '101.0', '102.0', '103.0', '104.0', '105.0', '106.0', '107.0', '108.0', '109.0', '110.0', '111.0', '112.0', '113.0', '114.0', '115.0', '116.0', '117.0', '118.0', '119.0', '120.0']
2023-07-22 06:57:01.786000
202
['dsafsdf', '101.0', '102.0', '103.0', '104.0', '105.0', '106.0', '107.0', '108.0', '109.0', '110.0', '111.0', '112.0', '113.0', '114.0', '115.0', '116.0', '117.0', '118.0', '119.0', '120.0']
2023-07-22 06:57:01.787000
202
['dsafsdf', '101.0', '102.0', '103.0', '104.0', '105.0', '106.0', '107.0', '108.0', '109.0', '110.0', '111.0', '112.0', '113.0', '114.0', '115.0', '116.0', '117.0', '118.0', '119.0', '120.0']
2023-07-22 06:57:01.787000
202
['dsafsdf', '101.0', '102.0', '103.0', '104.0', '105.0', '106.0', '107.0', '108.0', '109.0', '110.0', '111.0', '112.0', '113.0', '114.0', '115.0', '116.0', '117.0', '118.0', '119.0', '120.0']
2023-07-22 06:57:01.788000
202
['dsafsdf', '101.0', '102.0', '103.0', '104.0', '105.0', '106.0', '107.0', '108.0', '109.0', '110.0', '111.0', '112.0', '113.0', '114.0', '115.0', '116.0', '117.0', '118.0', '119.0', '120.0']
2023-07-22 06:57:01.788000
202
['dsafsdf', '101.0', '102.0', '103.0', '104.0', '105.0', '106.0', '107.0', '108.0', '109.0', '110.0', '111.0', '112.0', '113.0', '114.0', '115.0', '116.0', '117.0', '118.0', '119.0', '120.0']
2023-07-22 06:57:01.789000
202
['dsafsdf', '101.0', '102.0', '103.0', '104.0', '105.0', '106.0', '107.0', '108.0', '109.0', '110.0', '111.0', '112.0', '113.0', '114.0', '115.0', '116.0', '117.0', '118.0', '119.0', '120.0']
2023-07-22 06:57:01.991000
202
['dsafsdf', '101.0', '102.0', '103.0', '104.0', '105.0', '106.0', '107.0', '108.0', '109.0', '110.0', '111.0', '112.0', '113.0', '114.0', '115.0', '116.0', '117.0', '118.0', '119.0', '120.0']
2023-07-22 06:57:01.992000
202
['dsafsdf', '101.0', '102.0', '103.0', '104.0', '105.0', '106.0', '107.0', '108.0', '109.0', '110.0', '111.0', '112.0', '113.0', '114.0', '115.0', '116.0', '117.0', '118.0', '119.0', '120.0']
2023-07-22 06:57:01.993000
202
['dsafsdf', '101.0', '102.0', '103.0', '104.0', '105.0', '106.0', '107.0', '108.0', '109.0', '110.0', '111.0', '112.0', '113.0', '114.0', '115.0', '116.0', '117.0', '118.0', '119.0', '120.0']
2023-07-22 06:57:01.994000
202
['dsafsdf', '101.0', '102.0', '103.0', '104.0', '105.0', '106.0', '107.0', '108.0', '109.0', '110.0', '111.0', '112.0', '113.0', '114.0', '115.0', '116.0', '117.0', '118.0', '119.0', '120.0']
2023-07-22 06:57:01.994000
202
['dsafsdf', '101.0', '102.0', '103.0', '104.0', '105.0', '106.0', '107.0', '108.0', '109.0', '110.0', '111.0', '112.0', '113.0', '114.0', '115.0', '116.0', '117.0', '118.0', '119.0', '120.0']
2023-07-22 06:57:01.995000
202
['dsafsdf', '101.0', '102.0', '103.0', '104.0', '105.0', '106.0', '107.0', '108.0', '109.0', '110.0', '111.0', '112.0', '113.0', '114.0', '115.0', '116.0', '117.0', '118.0', '119.0', '120.0']
2023-07-22 06:57:01.996000
202
['dsafsdf', '101.0', '102.0', '103.0', '104.0', '105.0', '106.0', '107.0', '108.0', '109.0', '110.0', '111.0', '112.0', '113.0', '114.0', '115.0', '116.0', '117.0', '118.0', '119.0', '120.0']
2023-07-22 06:57:01.996000
202
['dsafsdf', '101.0', '102.0', '103.0', '104.0', '105.0', '106.0', '107.0', '108.0', '109.0', '110.0', '111.0', '112.0', '113.0', '114.0', '115.0', '116.0', '117.0', '118.0', '119.0', '120.0']
2023-07-22 06:57:01.997000
202
['dsafsdf', '101.0', '102.0', '103.0', '104.0', '105.0', '106.0', '107.0', '108.0', '109.0', '110.0', '111.0', '112.0', '113.0', '114.0', '115.0', '116.0', '117.0', '118.0', '119.0', '120.0']
2023-07-22 06:57:01.998000
202
['dsafsdf', '101.0', '102.0', '103.0', '104.0', '105.0', '106.0', '107.0', '108.0', '109.0', '110.0', '111.0', '112.0', '113.0', '114.0', '115.0', '116.0', '117.0', '118.0', '119.0', '120.0']
2023-07-22 06:57:01.999000
202
['dsafsdf', '101.0', '102.0', '103.0', '104.0', '105.0', '106.0', '107.0', '108.0', '109.0', '110.0', '111.0', '112.0', '113.0', '114.0', '115.0', '116.0', '117.0', '118.0', '119.0', '120.0']
2023-07-22 06:57:02
202
['dsafsdf', '101.0', '102.0', '103.0', '104.0', '105.0', '106.0', '107.0', '108.0', '109.0', '110.0', '111.0', '112.0', '113.0', '114.0', '115.0', '116.0', '117.0', '118.0', '119.0', '120.0']
2023-07-22 06:57:02
202
['dsafsdf', '101.0', '102.0', '103.0', '104.0', '105.0', '106.0', '107.0', '108.0', '109.0', '110.0', '111.0', '112.0', '113.0', '114.0', '115.0', '116.0', '117.0', '118.0', '119.0', '120.0']
2023-07-22 06:57:02.001000
202
['dsafsdf', '101.0', '102.0', '103.0', '104.0', '105.0', '106.0', '107.0', '108.0', '109.0', '110.0', '111.0', '112.0', '113.0', '114.0', '115.0', '116.0', '117.0', '118.0', '119.0', '120.0']
2023-07-22 06:57:02.002000
202
['dsafsdf', '101.0', '102.0', '103.0', '104.0', '105.0', '106.0', '107.0', '108.0', '109.0', '110.0', '111.0', '112.0', '113.0', '114.0', '115.0', '116.0', '117.0', '118.0', '119.0', '120.0']
2023-07-22 06:57:02.002000
202
['dsafsdf', '101.0', '102.0', '103.0', '104.0', '105.0', '106.0', '107.0', '108.0', '109.0', '110.0', '111.0', '112.0', '113.0', '114.0', '115.0', '116.0', '117.0', '118.0', '119.0', '120.0']
2023-07-22 06:57:02.003000
202
['dsafsdf', '101.0', '102.0', '103.0', '104.0', '105.0', '106.0', '107.0', '108.0', '109.0', '110.0', '111.0', '112.0', '113.0', '114.0', '115.0', '116.0', '117.0', '118.0', '119.0', '120.0']
2023-07-22 06:57:02.004000
202
['dsafsdf', '101.0', '102.0', '103.0', '104.0', '105.0', '106.0', '107.0', '108.0', '109.0', '110.0', '111.0', '112.0', '113.0', '114.0', '115.0', '116.0', '117.0', '118.0', '119.0', '120.0']
2023-07-22 06:57:02.005000
202
['dsafsdf', '101.0', '102.0', '103.0', '104.0', '105.0', '106.0', '107.0', '108.0', '109.0', '110.0', '111.0', '112.0', '113.0', '114.0', '115.0', '116.0', '117.0', '118.0', '119.0', '120.0']
2023-07-22 06:57:02.005000
202
['dsafsdf', '101.0', '102.0', '103.0', '104.0', '105.0', '106.0', '107.0', '108.0', '109.0', '110.0', '111.0', '112.0', '113.0', '114.0', '115.0', '116.0', '117.0', '118.0', '119.0', '120.0']
2023-07-22 06:57:02.215000
202
['dsafsdf', '101.0', '102.0', '103.0', '104.0', '105.0', '106.0', '107.0', '108.0', '109.0', '110.0', '111.0', '112.0', '113.0', '114.0', '115.0', '116.0', '117.0', '118.0', '119.0', '120.0']
2023-07-22 06:57:02.216000
202
['dsafsdf', '101.0', '102.0', '103.0', '104.0', '105.0', '106.0', '107.0', '108.0', '109.0', '110.0', '111.0', '112.0', '113.0', '114.0', '115.0', '116.0', '117.0', '118.0', '119.0', '120.0']
2023-07-22 06:57:02.217000
202
['dsafsdf', '101.0', '102.0', '103.0', '104.0', '105.0', '106.0', '107.0', '108.0', '109.0', '110.0', '111.0', '112.0', '113.0', '114.0', '115.0', '116.0', '117.0', '118.0', '119.0', '120.0']
2023-07-22 06:57:02.220000
202
['dsafsdf', '101.0', '102.0', '103.0', '104.0', '105.0', '106.0', '107.0', '108.0', '109.0', '110.0', '111.0', '112.0', '113.0', '114.0', '115.0', '116.0', '117.0', '118.0', '119.0', '120.0']
2023-07-22 06:57:02.221000
202
['dsafsdf', '101.0', '102.0', '103.0', '104.0', '105.0', '106.0', '107.0', '108.0', '109.0', '110.0', '111.0', '112.0', '113.0', '114.0', '115.0', '116.0', '117.0', '118.0', '119.0', '120.0']
2023-07-22 06:57:02.222000
202
['dsafsdf', '101.0', '102.0', '103.0', '104.0', '105.0', '106.0', '107.0', '108.0', '109.0', '110.0', '111.0', '112.0', '113.0', '114.0', '115.0', '116.0', '117.0', '118.0', '119.0', '120.0']
2023-07-22 06:57:02.223000
202
['dsafsdf', '101.0', '102.0', '103.0', '104.0', '105.0', '106.0', '107.0', '108.0', '109.0', '110.0', '111.0', '112.0', '113.0', '114.0', '115.0', '116.0', '117.0', '118.0', '119.0', '120.0']
2023-07-22 06:57:02.223000
202
['dsafsdf', '101.0', '102.0', '103.0', '104.0', '105.0', '106.0', '107.0', '108.0', '109.0', '110.0', '111.0', '112.0', '113.0', '114.0', '115.0', '116.0', '117.0', '118.0', '119.0', '120.0']
2023-07-22 06:57:02.224000
202
['dsafsdf', '101.0', '102.0', '103.0', '104.0', '105.0', '106.0', '107.0', '108.0', '109.0', '110.0', '111.0', '112.0', '113.0', '114.0', '115.0', '116.0', '117.0', '118.0', '119.0', '120.0']
2023-07-22 06:57:02.225000
202
['dsafsdf', '101.0', '102.0', '103.0', '104.0', '105.0', '106.0', '107.0', '108.0', '109.0', '110.0', '111.0', '112.0', '113.0', '114.0', '115.0', '116.0', '117.0', '118.0', '119.0', '120.0']
2023-07-22 06:57:02.226000
202
['dsafsdf', '101.0', '102.0', '103.0', '104.0', '105.0', '106.0', '107.0', '108.0', '109.0', '110.0', '111.0', '112.0', '113.0', '114.0', '115.0', '116.0', '117.0', '118.0', '119.0', '120.0']
2023-07-22 06:57:02.226000
202
['dsafsdf', '101.0', '102.0', '103.0', '104.0', '105.0', '106.0', '107.0', '108.0', '109.0', '110.0', '111.0', '112.0', '113.0', '114.0', '115.0', '116.0', '117.0', '118.0', '119.0', '120.0']
2023-07-22 06:57:02.227000
202
['dsafsdf', '101.0', '102.0', '103.0', '104.0', '105.0', '106.0', '107.0', '108.0', '109.0', '110.0', '111.0', '112.0', '113.0', '114.0', '115.0', '116.0', '117.0', '118.0', '119.0', '120.0']
2023-07-22 06:57:02.228000
202
['dsafsdf', '101.0', '102.0', '103.0', '104.0', '105.0', '106.0', '107.0', '108.0', '109.0', '110.0', '111.0', '112.0', '113.0', '114.0', '115.0', '116.0', '117.0', '118.0', '119.0', '120.0']
2023-07-22 06:57:02.228000
202
['dsafsdf', '101.0', '102.0', '103.0', '104.0', '105.0', '106.0', '107.0', '108.0', '109.0', '110.0', '111.0', '112.0', '113.0', '114.0', '115.0', '116.0', '117.0', '118.0', '119.0', '120.0']
2023-07-22 06:57:02.229000
202
['dsafsdf', '101.0', '102.0', '103.0', '104.0', '105.0', '106.0', '107.0', '108.0', '109.0', '110.0', '111.0', '112.0', '113.0', '114.0', '115.0', '116.0', '117.0', '118.0', '119.0', '120.0']
2023-07-22 06:57:02.230000
202
['dsafsdf', '101.0', '102.0', '103.0', '104.0', '105.0', '106.0', '107.0', '108.0', '109.0', '110.0', '111.0', '112.0', '113.0', '114.0', '115.0', '116.0', '117.0', '118.0', '119.0', '120.0']
2023-07-22 06:57:02.230000
202
['dsafsdf', '101.0', '102.0', '103.0', '104.0', '105.0', '106.0', '107.0', '108.0', '109.0', '110.0', '111.0', '112.0', '113.0', '114.0', '115.0', '116.0', '117.0', '118.0', '119.0', '120.0']
2023-07-22 06:57:02.231000
202
['dsafsdf', '101.0', '102.0', '103.0', '104.0', '105.0', '106.0', '107.0', '108.0', '109.0', '110.0', '111.0', '112.0', '113.0', '114.0', '115.0', '116.0', '117.0', '118.0', '119.0', '120.0']
2023-07-22 06:57:02.232000
202
['dsafsdf', '101.0', '102.0', '103.0', '104.0', '105.0', '106.0', '107.0', '108.0', '109.0', '110.0', '111.0', '112.0', '113.0', '114.0', '115.0', '116.0', '117.0', '118.0', '119.0', '120.0']
2023-07-22 06:57:02.439000
202
['dsafsdf', '101.0', '102.0', '103.0', '104.0', '105.0', '106.0', '107.0', '108.0', '109.0', '110.0', '111.0', '112.0', '113.0', '114.0', '115.0', '116.0', '117.0', '118.0', '119.0', '120.0']
2023-07-22 06:57:02.440000
202
['dsafsdf', '101.0', '102.0', '103.0', '104.0', '105.0', '106.0', '107.0', '108.0', '109.0', '110.0', '111.0', '112.0', '113.0', '114.0', '115.0', '116.0', '117.0', '118.0', '119.0', '120.0']
2023-07-22 06:57:02.441000
202
['dsafsdf', '101.0', '102.0', '103.0', '104.0', '105.0', '106.0', '107.0', '108.0', '109.0', '110.0', '111.0', '112.0', '113.0', '114.0', '115.0', '116.0', '117.0', '118.0', '119.0', '120.0']
2023-07-22 06:57:02.442000
202
['dsafsdf', '101.0', '102.0', '103.0', '104.0', '105.0', '106.0', '107.0', '108.0', '109.0', '110.0', '111.0', '112.0', '113.0', '114.0', '115.0', '116.0', '117.0', '118.0', '119.0', '120.0']
2023-07-22 06:57:02.443000
202
['dsafsdf', '101.0', '102.0', '103.0', '104.0', '105.0', '106.0', '107.0', '108.0', '109.0', '110.0', '111.0', '112.0', '113.0', '114.0', '115.0', '116.0', '117.0', '118.0', '119.0', '120.0']
2023-07-22 06:57:02.443000
202
['dsafsdf', '101.0', '102.0', '103.0', '104.0', '105.0', '106.0', '107.0', '108.0', '109.0', '110.0', '111.0', '112.0', '113.0', '114.0', '115.0', '116.0', '117.0', '118.0', '119.0', '120.0']
2023-07-22 06:57:02.444000
202
['dsafsdf', '101.0', '102.0', '103.0', '104.0', '105.0', '106.0', '107.0', '108.0', '109.0', '110.0', '111.0', '112.0', '113.0', '114.0', '115.0', '116.0', '117.0', '118.0', '119.0', '120.0']
2023-07-22 06:57:02.445000
202
['dsafsdf', '101.0', '102.0', '103.0', '104.0', '105.0', '106.0', '107.0', '108.0', '109.0', '110.0', '111.0', '112.0', '113.0', '114.0', '115.0', '116.0', '117.0', '118.0', '119.0', '120.0']
2023-07-22 06:57:02.446000
202
['dsafsdf', '101.0', '102.0', '103.0', '104.0', '105.0', '106.0', '107.0', '108.0', '109.0', '110.0', '111.0', '112.0', '113.0', '114.0', '115.0', '116.0', '117.0', '118.0', '119.0', '120.0']
2023-07-22 06:57:02.446000
202
['dsafsdf', '101.0', '102.0', '103.0', '104.0', '105.0', '106.0', '107.0', '108.0', '109.0', '110.0', '111.0', '112.0', '113.0', '114.0', '115.0', '116.0', '117.0', '118.0', '119.0', '120.0']
2023-07-22 06:57:02.447000
202
['dsafsdf', '101.0', '102.0', '103.0', '104.0', '105.0', '106.0', '107.0', '108.0', '109.0', '110.0', '111.0', '112.0', '113.0', '114.0', '115.0', '116.0', '117.0', '118.0', '119.0', '120.0']
2023-07-22 06:57:02.447000
202
['dsafsdf', '101.0', '102.0', '103.0', '104.0', '105.0', '106.0', '107.0', '108.0', '109.0', '110.0', '111.0', '112.0', '113.0', '114.0', '115.0', '116.0', '117.0', '118.0', '119.0', '120.0']
2023-07-22 06:57:02.448000
202
['dsafsdf', '101.0', '102.0', '103.0', '104.0', '105.0', '106.0', '107.0', '108.0', '109.0', '110.0', '111.0', '112.0', '113.0', '114.0', '115.0', '116.0', '117.0', '118.0', '119.0', '120.0']
2023-07-22 06:57:02.449000
202
['dsafsdf', '101.0', '102.0', '103.0', '104.0', '105.0', '106.0', '107.0', '108.0', '109.0', '110.0', '111.0', '112.0', '113.0', '114.0', '115.0', '116.0', '117.0', '118.0', '119.0', '120.0']
2023-07-22 06:57:02.450000
202
['dsafsdf', '101.0', '102.0', '103.0', '104.0', '105.0', '106.0', '107.0', '108.0', '109.0', '110.0', '111.0', '112.0', '113.0', '114.0', '115.0', '116.0', '117.0', '118.0', '119.0', '120.0']
2023-07-22 06:57:02.450000
202
['dsafsdf', '101.0', '102.0', '103.0', '104.0', '105.0', '106.0', '107.0', '108.0', '109.0', '110.0', '111.0', '112.0', '113.0', '114.0', '115.0', '116.0', '117.0', '118.0', '119.0', '120.0']
2023-07-22 06:57:02.451000
202
['dsafsdf', '101.0', '102.0', '103.0', '104.0', '105.0', '106.0', '107.0', '108.0', '109.0', '110.0', '111.0', '112.0', '113.0', '114.0', '115.0', '116.0', '117.0', '118.0', '119.0', '120.0']
2023-07-22 06:57:02.452000
202
['dsafsdf', '101.0', '102.0', '103.0', '104.0', '105.0', '106.0', '107.0', '108.0', '109.0', '110.0', '111.0', '112.0', '113.0', '114.0', '115.0', '116.0', '117.0', '118.0', '119.0', '120.0']
2023-07-22 06:57:02.452000
202
['dsafsdf', '101.0', '102.0', '103.0', '104.0', '105.0', '106.0', '107.0', '108.0', '109.0', '110.0', '111.0', '112.0', '113.0', '114.0', '115.0', '116.0', '117.0', '118.0', '119.0', '120.0']
2023-07-22 06:57:02.453000
202
['dsafsdf', '101.0', '102.0', '103.0', '104.0', '105.0', '106.0', '107.0', '108.0', '109.0', '110.0', '111.0', '112.0', '113.0', '114.0', '115.0', '116.0', '117.0', '118.0', '119.0', '120.0']
2023-07-22 06:57:02.655000
202
['dsafsdf', '101.0', '102.0', '103.0', '104.0', '105.0', '106.0', '107.0', '108.0', '109.0', '110.0', '111.0', '112.0', '113.0', '114.0', '115.0', '116.0', '117.0', '118.0', '119.0', '120.0']
2023-07-22 06:57:02.656000
202
['dsafsdf', '101.0', '102.0', '103.0', '104.0', '105.0', '106.0', '107.0', '108.0', '109.0', '110.0', '111.0', '112.0', '113.0', '114.0', '115.0', '116.0', '117.0', '118.0', '119.0', '120.0']
2023-07-22 06:57:02.657000
202
['dsafsdf', '101.0', '102.0', '103.0', '104.0', '105.0', '106.0', '107.0', '108.0', '109.0', '110.0', '111.0', '112.0', '113.0', '114.0', '115.0', '116.0', '117.0', '118.0', '119.0', '120.0']
2023-07-22 06:57:02.657000
202
['dsafsdf', '101.0', '102.0', '103.0', '104.0', '105.0', '106.0', '107.0', '108.0', '109.0', '110.0', '111.0', '112.0', '113.0', '114.0', '115.0', '116.0', '117.0', '118.0', '119.0', '120.0']
2023-07-22 06:57:02.658000
202
['dsafsdf', '101.0', '102.0', '103.0', '104.0', '105.0', '106.0', '107.0', '108.0', '109.0', '110.0', '111.0', '112.0', '113.0', '114.0', '115.0', '116.0', '117.0', '118.0', '119.0', '120.0']
2023-07-22 06:57:02.659000
202
['dsafsdf', '101.0', '102.0', '103.0', '104.0', '105.0', '106.0', '107.0', '108.0', '109.0', '110.0', '111.0', '112.0', '113.0', '114.0', '115.0', '116.0', '117.0', '118.0', '119.0', '120.0']
2023-07-22 06:57:02.660000
202
['dsafsdf', '101.0', '102.0', '103.0', '104.0', '105.0', '106.0', '107.0', '108.0', '109.0', '110.0', '111.0', '112.0', '113.0', '114.0', '115.0', '116.0', '117.0', '118.0', '119.0', '120.0']
2023-07-22 06:57:02.660000
202
['dsafsdf', '101.0', '102.0', '103.0', '104.0', '105.0', '106.0', '107.0', '108.0', '109.0', '110.0', '111.0', '112.0', '113.0', '114.0', '115.0', '116.0', '117.0', '118.0', '119.0', '120.0']
2023-07-22 06:57:02.661000
202
['dsafsdf', '101.0', '102.0', '103.0', '104.0', '105.0', '106.0', '107.0', '108.0', '109.0', '110.0', '111.0', '112.0', '113.0', '114.0', '115.0', '116.0', '117.0', '118.0', '119.0', '120.0']
2023-07-22 06:57:02.661000
202
['dsafsdf', '101.0', '102.0', '103.0', '104.0', '105.0', '106.0', '107.0', '108.0', '109.0', '110.0', '111.0', '112.0', '113.0', '114.0', '115.0', '116.0', '117.0', '118.0', '119.0', '120.0']
2023-07-22 06:57:02.662000
202
['dsafsdf', '101.0', '102.0', '103.0', '104.0', '105.0', '106.0', '107.0', '108.0', '109.0', '110.0', '111.0', '112.0', '113.0', '114.0', '115.0', '116.0', '117.0', '118.0', '119.0', '120.0']
2023-07-22 06:57:02.663000
202
['dsafsdf', '101.0', '102.0', '103.0', '104.0', '105.0', '106.0', '107.0', '108.0', '109.0', '110.0', '111.0', '112.0', '113.0', '114.0', '115.0', '116.0', '117.0', '118.0', '119.0', '120.0']
2023-07-22 06:57:02.664000
202
['dsafsdf', '101.0', '102.0', '103.0', '104.0', '105.0', '106.0', '107.0', '108.0', '109.0', '110.0', '111.0', '112.0', '113.0', '114.0', '115.0', '116.0', '117.0', '118.0', '119.0', '120.0']
2023-07-22 06:57:02.664000
202
['dsafsdf', '101.0', '102.0', '103.0', '104.0', '105.0', '106.0', '107.0', '108.0', '109.0', '110.0', '111.0', '112.0', '113.0', '114.0', '115.0', '116.0', '117.0', '118.0', '119.0', '120.0']
2023-07-22 06:57:02.665000
202
['dsafsdf', '101.0', '102.0', '103.0', '104.0', '105.0', '106.0', '107.0', '108.0', '109.0', '110.0', '111.0', '112.0', '113.0', '114.0', '115.0', '116.0', '117.0', '118.0', '119.0', '120.0']
2023-07-22 06:57:02.666000
202
['dsafsdf', '101.0', '102.0', '103.0', '104.0', '105.0', '106.0', '107.0', '108.0', '109.0', '110.0', '111.0', '112.0', '113.0', '114.0', '115.0', '116.0', '117.0', '118.0', '119.0', '120.0']
2023-07-22 06:57:02.666000
202
['dsafsdf', '101.0', '102.0', '103.0', '104.0', '105.0', '106.0', '107.0', '108.0', '109.0', '110.0', '111.0', '112.0', '113.0', '114.0', '115.0', '116.0', '117.0', '118.0', '119.0', '120.0']
2023-07-22 06:57:02.667000
202
['dsafsdf', '101.0', '102.0', '103.0', '104.0', '105.0', '106.0', '107.0', '108.0', '109.0', '110.0', '111.0', '112.0', '113.0', '114.0', '115.0', '116.0', '117.0', '118.0', '119.0', '120.0']
2023-07-22 06:57:02.668000
202
['dsafsdf', '101.0', '102.0', '103.0', '104.0', '105.0', '106.0', '107.0', '108.0', '109.0', '110.0', '111.0', '112.0', '113.0', '114.0', '115.0', '116.0', '117.0', '118.0', '119.0', '120.0']
2023-07-22 06:57:02.669000
202
['dsafsdf', '101.0', '102.0', '103.0', '104.0', '105.0', '106.0', '107.0', '108.0', '109.0', '110.0', '111.0', '112.0', '113.0', '114.0', '115.0', '116.0', '117.0', '118.0', '119.0', '120.0']
2023-07-22 06:57:24.311000
202
['dsafsdf']
2023-07-22 06:57:24.320000
202
['dsafsdf']
2023-07-22 06:57:24.322000
202
['dsafsdf']
2023-07-22 06:57:24.325000
202
['dsafsdf']
2023-07-22 06:57:24.328000
202
['dsafsdf']
2023-07-22 06:57:24.331000
202
['dsafsdf']
2023-07-22 06:57:24.333000
202
['dsafsdf']
2023-07-22 06:57:24.336000
202
['dsafsdf']
2023-07-22 06:57:24.339000
202
['dsafsdf']
2023-07-22 06:57:24.341000
202
['dsafsdf']
2023-07-22 06:57:24.344000
202
['dsafsdf']
2023-07-22 06:57:24.347000
202
['dsafsdf']
2023-07-22 06:57:24.350000
202
['dsafsdf']
2023-07-22 06:57:24.354000
202
['dsafsdf']
2023-07-22 06:57:24.357000
202
['dsafsdf']
2023-07-22 06:57:24.359000
202
['dsafsdf']
2023-07-22 06:57:24.362000
202
['dsafsdf']
2023-07-22 06:57:24.365000
202
['dsafsdf']
2023-07-22 06:57:24.368000
202
['dsafsdf']
2023-07-22 06:57:24.371000
202
['dsafsdf']
2023-07-22 06:58:04.552000
202
['dsafsdf', '101.0', '102.0', '103.0', '104.0', '105.0', '106.0', '107.0', '108.0', '109.0', '110.0', '111.0', '112.0', '113.0', '114.0', '115.0', '116.0', '117.0', '118.0', '119.0', '120.0']
2023-07-22 06:58:04.555000
202
['dsafsdf', '101.0', '102.0', '103.0', '104.0', '105.0', '106.0', '107.0', '108.0', '109.0', '110.0', '111.0', '112.0', '113.0', '114.0', '115.0', '116.0', '117.0', '118.0', '119.0', '120.0']
2023-07-22 06:58:04.556000
202
['dsafsdf', '101.0', '102.0', '103.0', '104.0', '105.0', '106.0', '107.0', '108.0', '109.0', '110.0', '111.0', '112.0', '113.0', '114.0', '115.0', '116.0', '117.0', '118.0', '119.0', '120.0']
2023-07-22 06:58:04.557000
202
['dsafsdf', '101.0', '102.0', '103.0', '104.0', '105.0', '106.0', '107.0', '108.0', '109.0', '110.0', '111.0', '112.0', '113.0', '114.0', '115.0', '116.0', '117.0', '118.0', '119.0', '120.0']
2023-07-22 06:58:04.558000
202
['dsafsdf', '101.0', '102.0', '103.0', '104.0', '105.0', '106.0', '107.0', '108.0', '109.0', '110.0', '111.0', '112.0', '113.0', '114.0', '115.0', '116.0', '117.0', '118.0', '119.0', '120.0']
2023-07-22 06:58:04.558000
202
['dsafsdf', '101.0', '102.0', '103.0', '104.0', '105.0', '106.0', '107.0', '108.0', '109.0', '110.0', '111.0', '112.0', '113.0', '114.0', '115.0', '116.0', '117.0', '118.0', '119.0', '120.0']
2023-07-22 06:58:04.559000
202
['dsafsdf', '101.0', '102.0', '103.0', '104.0', '105.0', '106.0', '107.0', '108.0', '109.0', '110.0', '111.0', '112.0', '113.0', '114.0', '115.0', '116.0', '117.0', '118.0', '119.0', '120.0']
2023-07-22 06:58:04.560000
202
['dsafsdf', '101.0', '102.0', '103.0', '104.0', '105.0', '106.0', '107.0', '108.0', '109.0', '110.0', '111.0', '112.0', '113.0', '114.0', '115.0', '116.0', '117.0', '118.0', '119.0', '120.0']
2023-07-22 06:58:04.561000
202
['dsafsdf', '101.0', '102.0', '103.0', '104.0', '105.0', '106.0', '107.0', '108.0', '109.0', '110.0', '111.0', '112.0', '113.0', '114.0', '115.0', '116.0', '117.0', '118.0', '119.0', '120.0']
2023-07-22 06:58:04.561000
202
['dsafsdf', '101.0', '102.0', '103.0', '104.0', '105.0', '106.0', '107.0', '108.0', '109.0', '110.0', '111.0', '112.0', '113.0', '114.0', '115.0', '116.0', '117.0', '118.0', '119.0', '120.0']
2023-07-22 06:58:04.562000
202
['dsafsdf', '101.0', '102.0', '103.0', '104.0', '105.0', '106.0', '107.0', '108.0', '109.0', '110.0', '111.0', '112.0', '113.0', '114.0', '115.0', '116.0', '117.0', '118.0', '119.0', '120.0']
2023-07-22 06:58:04.563000
202
['dsafsdf', '101.0', '102.0', '103.0', '104.0', '105.0', '106.0', '107.0', '108.0', '109.0', '110.0', '111.0', '112.0', '113.0', '114.0', '115.0', '116.0', '117.0', '118.0', '119.0', '120.0']
2023-07-22 06:58:04.564000
202
['dsafsdf', '101.0', '102.0', '103.0', '104.0', '105.0', '106.0', '107.0', '108.0', '109.0', '110.0', '111.0', '112.0', '113.0', '114.0', '115.0', '116.0', '117.0', '118.0', '119.0', '120.0']
2023-07-22 06:58:04.564000
202
['dsafsdf', '101.0', '102.0', '103.0', '104.0', '105.0', '106.0', '107.0', '108.0', '109.0', '110.0', '111.0', '112.0', '113.0', '114.0', '115.0', '116.0', '117.0', '118.0', '119.0', '120.0']
2023-07-22 06:58:04.565000
202
['dsafsdf', '101.0', '102.0', '103.0', '104.0', '105.0', '106.0', '107.0', '108.0', '109.0', '110.0', '111.0', '112.0', '113.0', '114.0', '115.0', '116.0', '117.0', '118.0', '119.0', '120.0']
2023-07-22 06:58:04.566000
202
['dsafsdf', '101.0', '102.0', '103.0', '104.0', '105.0', '106.0', '107.0', '108.0', '109.0', '110.0', '111.0', '112.0', '113.0', '114.0', '115.0', '116.0', '117.0', '118.0', '119.0', '120.0']
2023-07-22 06:58:04.567000
202
['dsafsdf', '101.0', '102.0', '103.0', '104.0', '105.0', '106.0', '107.0', '108.0', '109.0', '110.0', '111.0', '112.0', '113.0', '114.0', '115.0', '116.0', '117.0', '118.0', '119.0', '120.0']
2023-07-22 06:58:04.567000
202
['dsafsdf', '101.0', '102.0', '103.0', '104.0', '105.0', '106.0', '107.0', '108.0', '109.0', '110.0', '111.0', '112.0', '113.0', '114.0', '115.0', '116.0', '117.0', '118.0', '119.0', '120.0']
2023-07-22 06:58:04.568000
202
['dsafsdf', '101.0', '102.0', '103.0', '104.0', '105.0', '106.0', '107.0', '108.0', '109.0', '110.0', '111.0', '112.0', '113.0', '114.0', '115.0', '116.0', '117.0', '118.0', '119.0', '120.0']
2023-07-22 06:58:04.569000
202
['dsafsdf', '101.0', '102.0', '103.0', '104.0', '105.0', '106.0', '107.0', '108.0', '109.0', '110.0', '111.0', '112.0', '113.0', '114.0', '115.0', '116.0', '117.0', '118.0', '119.0', '120.0']
2023-07-22 06:58:04.570000
202
['dsafsdf', '101.0', '102.0', '103.0', '104.0', '105.0', '106.0', '107.0', '108.0', '109.0', '110.0', '111.0', '112.0', '113.0', '114.0', '115.0', '116.0', '117.0', '118.0', '119.0', '120.0']
2023-07-22 06:58:04.576000
202
['dsafsdf', '101.0', '102.0', '103.0', '104.0', '105.0', '106.0', '107.0', '108.0', '109.0', '110.0', '111.0', '112.0', '113.0', '114.0', '115.0', '116.0', '117.0', '118.0', '119.0', '120.0']
2023-07-22 06:58:46.759000
202
['dsafsdf', '101.0', '102.0', '103.0', '104.0', '105.0', '106.0', '107.0', '108.0', '109.0']
2023-07-22 06:58:46.773000
202
['dsafsdf', '101.0', '102.0', '103.0', '104.0', '105.0', '106.0', '107.0', '108.0', '109.0']
2023-07-22 06:58:46.773000
202
['dsafsdf', '101.0', '102.0', '103.0', '104.0', '105.0', '106.0', '107.0', '108.0', '109.0']
2023-07-22 06:58:46.774000
202
['dsafsdf', '101.0', '102.0', '103.0', '104.0', '105.0', '106.0', '107.0', '108.0', '109.0']
2023-07-22 06:58:46.775000
202
['dsafsdf', '101.0', '102.0', '103.0', '104.0', '105.0', '106.0', '107.0', '108.0', '109.0']
2023-07-22 06:58:46.775000
202
['dsafsdf', '101.0', '102.0', '103.0', '104.0', '105.0', '106.0', '107.0', '108.0', '109.0']
2023-07-22 06:58:46.776000
202
['dsafsdf', '101.0', '102.0', '103.0', '104.0', '105.0', '106.0', '107.0', '108.0', '109.0']
2023-07-22 06:58:46.777000
202
['dsafsdf', '101.0', '102.0', '103.0', '104.0', '105.0', '106.0', '107.0', '108.0', '109.0']
2023-07-22 06:58:46.778000
202
['dsafsdf', '101.0', '102.0', '103.0', '104.0', '105.0', '106.0', '107.0', '108.0', '109.0']
2023-07-22 06:58:46.778000
202
['dsafsdf', '101.0', '102.0', '103.0', '104.0', '105.0', '106.0', '107.0', '108.0', '109.0']
2023-07-22 06:58:46.785000
202
['dsafsdf', '101.0', '102.0', '103.0', '104.0', '105.0', '106.0', '107.0', '108.0', '109.0']
2023-07-22 06:58:46.788000
202
['dsafsdf', '101.0', '102.0', '103.0', '104.0', '105.0', '106.0', '107.0', '108.0', '109.0']
2023-07-22 06:58:46.790000
202
['dsafsdf', '101.0', '102.0', '103.0', '104.0', '105.0', '106.0', '107.0', '108.0', '109.0']
2023-07-22 06:58:46.793000
202
['dsafsdf', '101.0', '102.0', '103.0', '104.0', '105.0', '106.0', '107.0', '108.0', '109.0']
2023-07-22 06:58:46.796000
202
['dsafsdf', '101.0', '102.0', '103.0', '104.0', '105.0', '106.0', '107.0', '108.0', '109.0']
2023-07-22 06:58:46.798000
202
['dsafsdf', '101.0', '102.0', '103.0', '104.0', '105.0', '106.0', '107.0', '108.0', '109.0']
2023-07-22 06:58:46.801000
202
['dsafsdf', '101.0', '102.0', '103.0', '104.0', '105.0', '106.0', '107.0', '108.0', '109.0']
2023-07-22 06:58:46.804000
202
['dsafsdf', '101.0', '102.0', '103.0', '104.0', '105.0', '106.0', '107.0', '108.0', '109.0']
2023-07-22 06:58:46.806000
202
['dsafsdf', '101.0', '102.0', '103.0', '104.0', '105.0', '106.0', '107.0', '108.0', '109.0']
2023-07-22 06:58:46.809000
202
['dsafsdf', '101.0', '102.0', '103.0', '104.0', '105.0', '106.0', '107.0', '108.0', '109.0']
2023-07-22 06:58:46.812000
202
['dsafsdf', '101.0', '102.0', '103.0', '104.0', '105.0', '106.0', '107.0', '108.0', '109.0']
2023-07-22 06:58:46.815000
202
['dsafsdf', '101.0', '102.0', '103.0', '104.0', '105.0', '106.0', '107.0', '108.0', '109.0']
2023-07-22 07:04:04.520000
202
['dsafsdf', '101.0', '102.0', '103.0', '104.0', '105.0', '106.0', '107.0', '108.0', '109.0']
2023-07-22 07:04:04.523000
202
['dsafsdf', '101.0', '102.0', '103.0', '104.0', '105.0', '106.0', '107.0', '108.0', '109.0']
2023-07-22 07:04:04.524000
202
['dsafsdf', '101.0', '102.0', '103.0', '104.0', '105.0', '106.0', '107.0', '108.0', '109.0']
2023-07-22 07:04:04.525000
202
['dsafsdf', '101.0', '102.0', '103.0', '104.0', '105.0', '106.0', '107.0', '108.0', '109.0']
2023-07-22 07:04:04.526000
202
['dsafsdf', '101.0', '102.0', '103.0', '104.0', '105.0', '106.0', '107.0', '108.0', '109.0']
2023-07-22 07:04:04.526000
202
['dsafsdf', '101.0', '102.0', '103.0', '104.0', '105.0', '106.0', '107.0', '108.0', '109.0']
2023-07-22 07:04:04.527000
202
['dsafsdf', '101.0', '102.0', '103.0', '104.0', '105.0', '106.0', '107.0', '108.0', '109.0']
2023-07-22 07:04:04.528000
202
['dsafsdf', '101.0', '102.0', '103.0', '104.0', '105.0', '106.0', '107.0', '108.0', '109.0']
2023-07-22 07:04:04.528000
202
['dsafsdf', '101.0', '102.0', '103.0', '104.0', '105.0', '106.0', '107.0', '108.0', '109.0']
2023-07-22 07:04:04.529000
202
['dsafsdf', '101.0', '102.0', '103.0', '104.0', '105.0', '106.0', '107.0', '108.0', '109.0']
2023-07-22 07:04:04.535000
202
['dsafsdf', '101.0', '102.0', '103.0', '104.0', '105.0', '106.0', '107.0', '108.0', '109.0']
2023-07-22 07:04:04.538000
202
['dsafsdf', '101.0', '102.0', '103.0', '104.0', '105.0', '106.0', '107.0', '108.0', '109.0']
2023-07-22 07:04:04.541000
202
['dsafsdf', '101.0', '102.0', '103.0', '104.0', '105.0', '106.0', '107.0', '108.0', '109.0']
2023-07-22 07:04:04.544000
202
['dsafsdf', '101.0', '102.0', '103.0', '104.0', '105.0', '106.0', '107.0', '108.0', '109.0']
2023-07-22 07:04:04.547000
202
['dsafsdf', '101.0', '102.0', '103.0', '104.0', '105.0', '106.0', '107.0', '108.0', '109.0']
2023-07-22 07:04:04.549000
202
['dsafsdf', '101.0', '102.0', '103.0', '104.0', '105.0', '106.0', '107.0', '108.0', '109.0']
2023-07-22 07:04:04.552000
202
['dsafsdf', '101.0', '102.0', '103.0', '104.0', '105.0', '106.0', '107.0', '108.0', '109.0']
2023-07-22 07:04:04.555000
202
['dsafsdf', '101.0', '102.0', '103.0', '104.0', '105.0', '106.0', '107.0', '108.0', '109.0']
2023-07-22 07:04:04.558000
202
['dsafsdf', '101.0', '102.0', '103.0', '104.0', '105.0', '106.0', '107.0', '108.0', '109.0']
2023-07-22 07:04:04.561000
202
['dsafsdf', '101.0', '102.0', '103.0', '104.0', '105.0', '106.0', '107.0', '108.0', '109.0']
2023-07-22 07:04:04.564000
202
['dsafsdf', '101.0', '102.0', '103.0', '104.0', '105.0', '106.0', '107.0', '108.0', '109.0']
2023-07-22 07:04:04.567000
202
['dsafsdf', '101.0', '102.0', '103.0', '104.0', '105.0', '106.0', '107.0', '108.0', '109.0']
